=== okeOS2 ===
Framebuffer: 1024x768x32 at 0xffff8000e0000000
Kernel:
  PhysBase: 0x114000
  VirtBase: 0xffffffff80000000
  HHDM: 0xffff800000000000
Initialising GDT...
Initialised GDT.
Initialising IDT...
Testing...
Setting handler for vector 20 to ffffffff80002480
IRQ 0x20
Initialised IDT.
Initialising PMM...
Entry: Base 0x1000 Length 0x50000 (0 MiB) Type 5
Entry: Base 0x51000 Length 0x4e000 (0 MiB) Type 0
Entry: Base 0x9f000 Length 0x1000 (0 MiB) Type 1
Entry: Base 0xe8000 Length 0x18000 (0 MiB) Type 1
Entry: Base 0x100000 Length 0x10000 (0 MiB) Type 0
Entry: Base 0x110000 Length 0x4000 (0 MiB) Type 5
Entry: Base 0x114000 Length 0xf000 (0 MiB) Type 6
Entry: Base 0x123000 Length 0x26000 (0 MiB) Type 5
Entry: Base 0x149000 Length 0x311000 (3 MiB) Type 0
Entry: Base 0x45a000 Length 0x96000 (0 MiB) Type 5
Entry: Base 0x4f0000 Length 0x10000 (0 MiB) Type 2
Entry: Base 0xe0000000 Length 0x300000 (3 MiB) Type 7
Entry: Base 0xfffc0000 Length 0x40000 (0 MiB) Type 1
PMM: Found a suitable area for the bitmap at 0xffff800000051000 (0 KiB). Bitmap_Pages = 1114
PMM: Marking pages 81 (0x51000) to 159 (0x9f000) as free.
PMM: Marking pages 256 (0x100000) to 272 (0x110000) as free.
PMM: Marking pages 329 (0x149000) to 1114 (0x45a000) as free.
PMM: Marking bitmap page 81 (0x51000) as allocated.
Initialised PMM.
Alloc PMM test (4096, 16384)...
Free PMM test (4096, 16384)...
If it didn't crash, PMM at least kinda works.
Initialising terminal...
term_init: &_binary_zap_light16_psf_start = ffffffff8000c114
term_init: fb->address = ffff8000e0000000
term_init: fb->pitch = 4096
term_init: psf->characterSize = 16
Terminal initialised with framebuffer at ffff8000e0000000
Enabling Paging...
Paging: kvirt_addr: ffffffff80000000
Paging: kphys_addr: 114000
Paging: Creating new PML4
Paging: Created new PML4, at 0xffff800000052000
Paging: Identity mapping first 1 MiB
Paging: Identity mapped first 1 MiB
Paging: Mapping kernel and other important stuff
Paging: Mapped kernel and other important stuff
Paging: Switching to new PML4
Paging: Switched to new PML4
if you can read this, paging works :yippee:
